============================= test session starts =============================
platform win32 -- Python 3.14.3, pytest-9.0.2, pluggy-1.6.0 -- C:\Users\tnhan\AppData\Local\Programs\Python\Python314\python.exe
cachedir: .pytest_cache
rootdir: D:\Projects\rpg-based-simulation
configfile: pyproject.toml
plugins: anyio-4.12.1
collecting ... collected 1 item

tests/test_api_stream.py::test_stream_delta_updates ERROR                [100%]

=================================== ERRORS ====================================
_________________ ERROR at setup of test_stream_delta_updates _________________

self = <docker.api.client.APIClient object at 0x0000013A887DD550>
response = <Response [500]>

    def _raise_for_status(self, response):
        """Raises stored :class:`APIError`, if one occurred."""
        try:
>           response.raise_for_status()

C:\Users\tnhan\AppData\Local\Programs\Python\Python314\Lib\site-packages\docker\api\client.py:275: 
_ _ _ _ _ _ _ _ _ _ _ _ _ _ _ _ _ _ _ _ _ _ _ _ _ _ _ _ _ _ _ _ _ _ _ _ _ _ _ _

self = <Response [500]>

    def raise_for_status(self):
        """Raises :class:`HTTPError`, if one occurred."""
    
        http_error_msg = ""
        if isinstance(self.reason, bytes):
            # We attempt to decode utf-8 first because some servers
            # choose to localize their reason strings. If the string
            # isn't utf-8, we fall back to iso-8859-1 for all other
            # encodings. (See PR #3538)
            try:
                reason = self.reason.decode("utf-8")
            except UnicodeDecodeError:
                reason = self.reason.decode("iso-8859-1")
        else:
            reason = self.reason
    
        if 400 <= self.status_code < 500:
            http_error_msg = (
                f"{self.status_code} Client Error: {reason} for url: {self.url}"
            )
    
        elif 500 <= self.status_code < 600:
            http_error_msg = (
                f"{self.status_code} Server Error: {reason} for url: {self.url}"
            )
    
        if http_error_msg:
>           raise HTTPError(http_error_msg, response=self)
E           requests.exceptions.HTTPError: 500 Server Error: Internal Server Error for url: http+docker://localnpipe/version

C:\Users\tnhan\AppData\Local\Programs\Python\Python314\Lib\site-packages\requests\models.py:1026: HTTPError

The above exception was the direct cause of the following exception:

self = <docker.api.client.APIClient object at 0x0000013A887DD550>

    def _retrieve_server_version(self):
        try:
>           return self.version(api_version=False)["ApiVersion"]
                   ^^^^^^^^^^^^^^^^^^^^^^^^^^^^^^^

C:\Users\tnhan\AppData\Local\Programs\Python\Python314\Lib\site-packages\docker\api\client.py:223: 
_ _ _ _ _ _ _ _ _ _ _ _ _ _ _ _ _ _ _ _ _ _ _ _ _ _ _ _ _ _ _ _ _ _ _ _ _ _ _ _
C:\Users\tnhan\AppData\Local\Programs\Python\Python314\Lib\site-packages\docker\api\daemon.py:181: in version
    return self._result(self._get(url), json=True)
           ^^^^^^^^^^^^^^^^^^^^^^^^^^^^^^^^^^^^^^^
C:\Users\tnhan\AppData\Local\Programs\Python\Python314\Lib\site-packages\docker\api\client.py:281: in _result
    self._raise_for_status(response)
C:\Users\tnhan\AppData\Local\Programs\Python\Python314\Lib\site-packages\docker\api\client.py:277: in _raise_for_status
    raise create_api_error_from_http_exception(e) from e
          ^^^^^^^^^^^^^^^^^^^^^^^^^^^^^^^^^^^^^^^
_ _ _ _ _ _ _ _ _ _ _ _ _ _ _ _ _ _ _ _ _ _ _ _ _ _ _ _ _ _ _ _ _ _ _ _ _ _ _ _

e = HTTPError('500 Server Error: Internal Server Error for url: http+docker://localnpipe/version')

    def create_api_error_from_http_exception(e):
        """
        Create a suitable APIError from requests.exceptions.HTTPError.
        """
        response = e.response
        try:
            explanation = response.json()['message']
        except ValueError:
            explanation = (response.text or '').strip()
        cls = APIError
        if response.status_code == 404:
            explanation_msg = (explanation or '').lower()
            if any(fragment in explanation_msg
                   for fragment in _image_not_found_explanation_fragments):
                cls = ImageNotFound
            else:
                cls = NotFound
>       raise cls(e, response=response, explanation=explanation) from e
E       docker.errors.APIError: 500 Server Error for http+docker://localnpipe/version: Internal Server Error

C:\Users\tnhan\AppData\Local\Programs\Python\Python314\Lib\site-packages\docker\errors.py:39: APIError

The above exception was the direct cause of the following exception:

    @pytest.fixture(scope="module", autouse=True)
    def redis_container():
        """Spin up a real Redis container for E2E testing of the simulation streams."""
>       with RedisContainer("redis:7-alpine") as redis:
             ^^^^^^^^^^^^^^^^^^^^^^^^^^^^^^^^

tests\test_api_stream.py:16: 
_ _ _ _ _ _ _ _ _ _ _ _ _ _ _ _ _ _ _ _ _ _ _ _ _ _ _ _ _ _ _ _ _ _ _ _ _ _ _ _
C:\Users\tnhan\AppData\Local\Programs\Python\Python314\Lib\site-packages\testcontainers\redis\__init__.py:39: in __init__
    super().__init__(image, **kwargs)
C:\Users\tnhan\AppData\Local\Programs\Python\Python314\Lib\site-packages\testcontainers\core\container.py:85: in __init__
    self._docker = DockerClient(**(docker_client_kw or {}))
                   ^^^^^^^^^^^^^^^^^^^^^^^^^^^^^^^^^^^^^^^^
C:\Users\tnhan\AppData\Local\Programs\Python\Python314\Lib\site-packages\testcontainers\core\docker_client.py:73: in __init__
    self.client = docker.from_env(**kwargs)
                  ^^^^^^^^^^^^^^^^^^^^^^^^^
C:\Users\tnhan\AppData\Local\Programs\Python\Python314\Lib\site-packages\docker\client.py:94: in from_env
    return cls(
C:\Users\tnhan\AppData\Local\Programs\Python\Python314\Lib\site-packages\docker\client.py:45: in __init__
    self.api = APIClient(*args, **kwargs)
               ^^^^^^^^^^^^^^^^^^^^^^^^^^
C:\Users\tnhan\AppData\Local\Programs\Python\Python314\Lib\site-packages\docker\api\client.py:207: in __init__
    self._version = self._retrieve_server_version()
                    ^^^^^^^^^^^^^^^^^^^^^^^^^^^^^^^
_ _ _ _ _ _ _ _ _ _ _ _ _ _ _ _ _ _ _ _ _ _ _ _ _ _ _ _ _ _ _ _ _ _ _ _ _ _ _ _

self = <docker.api.client.APIClient object at 0x0000013A887DD550>

    def _retrieve_server_version(self):
        try:
            return self.version(api_version=False)["ApiVersion"]
        except KeyError as ke:
            raise DockerException(
                'Invalid response from docker daemon: key "ApiVersion"'
                ' is missing.'
            ) from ke
        except Exception as e:
>           raise DockerException(
                f'Error while fetching server API version: {e}'
            ) from e
E           docker.errors.DockerException: Error while fetching server API version: 500 Server Error for http+docker://localnpipe/version: Internal Server Error

C:\Users\tnhan\AppData\Local\Programs\Python\Python314\Lib\site-packages\docker\api\client.py:230: DockerException
============================== warnings summary ===============================
C:\Users\tnhan\AppData\Local\Programs\Python\Python314\Lib\site-packages\testcontainers\redis\__init__.py:46
  C:\Users\tnhan\AppData\Local\Programs\Python\Python314\Lib\site-packages\testcontainers\redis\__init__.py:46: DeprecationWarning: The @wait_container_is_ready decorator is deprecated and will be removed in a future version. Use structured wait strategies instead: container.waiting_for(HttpWaitStrategy(8080).for_status_code(200)) or container.waiting_for(LogMessageWaitStrategy('ready'))
    @wait_container_is_ready(redis.exceptions.ConnectionError)

src\api\schemas.py:10
  D:\Projects\rpg-based-simulation\src\api\schemas.py:10: PydanticDeprecatedSince20: Support for class-based `config` is deprecated, use ConfigDict instead. Deprecated in Pydantic V2.0 to be removed in V3.0. See Pydantic V2 Migration Guide at https://errors.pydantic.dev/2.12/migration/
    class AttributeSchema(BaseModel):

src\api\schemas.py:90
  D:\Projects\rpg-based-simulation\src\api\schemas.py:90: PydanticDeprecatedSince20: Support for class-based `config` is deprecated, use ConfigDict instead. Deprecated in Pydantic V2.0 to be removed in V3.0. See Pydantic V2 Migration Guide at https://errors.pydantic.dev/2.12/migration/
    class EntitySlimSchema(BaseModel):

src\api\schemas.py:111
  D:\Projects\rpg-based-simulation\src\api\schemas.py:111: PydanticDeprecatedSince20: Support for class-based `config` is deprecated, use ConfigDict instead. Deprecated in Pydantic V2.0 to be removed in V3.0. See Pydantic V2 Migration Guide at https://errors.pydantic.dev/2.12/migration/
    class EntitySchema(BaseModel):

-- Docs: https://docs.pytest.org/en/stable/how-to/capture-warnings.html
=========================== short test summary info ===========================
ERROR tests/test_api_stream.py::test_stream_delta_updates - docker.errors.Doc...
======================== 4 warnings, 1 error in 11.01s ========================
