============================= test session starts =============================
platform win32 -- Python 3.14.3, pytest-9.0.2, pluggy-1.6.0 -- d:\Projects\rpg-based-simulation\.venv\Scripts\python.exe
cachedir: .pytest_cache
rootdir: D:\Projects\rpg-based-simulation
configfile: pyproject.toml
plugins: anyio-4.12.1
collecting ... collected 1 item

tests/test_kafka_recovery.py::test_engine_manager_kafka_recovery FAILED  [100%]

================================== FAILURES ===================================
_____________________ test_engine_manager_kafka_recovery ______________________
C:\Users\tnhan\AppData\Roaming\uv\python\cpython-3.14.3-windows-x86_64-none\Lib\unittest\mock.py:1429: in patched
    with self.decoration_helper(patched,
C:\Users\tnhan\AppData\Roaming\uv\python\cpython-3.14.3-windows-x86_64-none\Lib\contextlib.py:141: in __enter__
    return next(self.gen)
           ^^^^^^^^^^^^^^
C:\Users\tnhan\AppData\Roaming\uv\python\cpython-3.14.3-windows-x86_64-none\Lib\unittest\mock.py:1411: in decoration_helper
    arg = exit_stack.enter_context(patching)
          ^^^^^^^^^^^^^^^^^^^^^^^^^^^^^^^^^^
C:\Users\tnhan\AppData\Roaming\uv\python\cpython-3.14.3-windows-x86_64-none\Lib\contextlib.py:530: in enter_context
    result = _enter(cm)
             ^^^^^^^^^^
C:\Users\tnhan\AppData\Roaming\uv\python\cpython-3.14.3-windows-x86_64-none\Lib\unittest\mock.py:1503: in __enter__
    original, local = self.get_original()
                      ^^^^^^^^^^^^^^^^^^^
C:\Users\tnhan\AppData\Roaming\uv\python\cpython-3.14.3-windows-x86_64-none\Lib\unittest\mock.py:1473: in get_original
    raise AttributeError(
E   AttributeError: <module 'src.api.engine_manager' from 'D:\\Projects\\rpg-based-simulation\\src\\api\\engine_manager.py'> does not have the attribute 'create_kafka_consumer'
=========================== short test summary info ===========================
FAILED tests/test_kafka_recovery.py::test_engine_manager_kafka_recovery - Att...
============================== 1 failed in 0.64s ==============================
