============================= test session starts =============================
platform win32 -- Python 3.14.3, pytest-9.0.2, pluggy-1.6.0 -- d:\Projects\rpg-based-simulation\.venv\Scripts\python.exe
cachedir: .pytest_cache
rootdir: D:\Projects\rpg-based-simulation
configfile: pyproject.toml
plugins: anyio-4.12.1
collecting ... collected 1 item

tests/test_kafka_recovery.py::test_engine_manager_kafka_recovery 
------------------------------- live log setup --------------------------------
INFO     src.core.registry_loader:registry_loader.py:15 Loading registries from D:\Projects\rpg-based-simulation\data
INFO     src.core.registry_loader:registry_loader.py:40 Loaded 89 items.
INFO     src.core.registry_loader:registry_loader.py:57 Loaded 13 classes.
INFO     src.core.registry_loader:registry_loader.py:74 Loaded 22 skills.
INFO     src.core.registry_loader:registry_loader.py:91 Loaded 4 breakthroughs.
INFO     src.core.registry_loader:registry_loader.py:108 Loaded 20 traits.
INFO     src.core.registry_loader:registry_loader.py:23 Successfully loaded all registries.
-------------------------------- live log call --------------------------------
INFO     src.api.engine_manager:engine_manager.py:715 Kafka Setup: Recovered snapshot at tick 400
INFO     src.api.engine_manager:engine_manager.py:753 Kafka Setup: Replayed 1 ticks of events. Current synchronized tick: 401
DEBUG    pika.adapters.select_connection:select_connection.py:430 Using SelectPoller
DEBUG    pika.adapters.base_connection:base_connection.py:168 Created default connection workflow <pika.adapters.utils.connection_workflow.AMQPConnectionWorkflow object at 0x00000269D32CA3C0>
DEBUG    pika.adapters.utils.connection_workflow:connection_workflow.py:656 Starting AMQP Connection workflow asynchronously.
DEBUG    pika.adapters.select_connection:select_connection.py:263 call_later: added timeout <pika.adapters.select_connection._Timeout object at 0x00000269D322BC70> with deadline=12247.0578634 and callback=functools.partial(<bound method AMQPConnectionWorkflow._start_new_cycle_async of <pika.adapters.utils.connection_workflow.AMQPConnectionWorkflow object at 0x00000269D32CA3C0>>, first=True); now=12247.0578634; delay=0
DEBUG    pika.adapters.utils.connection_workflow:connection_workflow.py:751 Beginning a new AMQP connection workflow cycle; attempts remaining after this: 0
DEBUG    pika.adapters.select_connection:select_connection.py:263 call_later: added timeout <pika.adapters.select_connection._Timeout object at 0x00000269D322BBB0> with deadline=12247.0580964 and callback=<bound method AMQPConnectionWorkflow._try_next_config_async of <pika.adapters.utils.connection_workflow.AMQPConnectionWorkflow object at 0x00000269D32CA3C0>>; now=12247.0580964; delay=0
DEBUG    pika.adapters.utils.connection_workflow:connection_workflow.py:779 _try_next_config_async: 'localhost':5672
DEBUG    pika.adapters.select_connection:select_connection.py:481 add_callback_threadsafe: added callback=<bound method _AddressResolver._dispatch_result of <pika.adapters.utils.selector_ioloop_adapter._AddressResolver object at 0x00000269D32CA510>>
DEBUG    pika.adapters.select_connection:select_connection.py:494 process_timeouts: invoking callback=<bound method _AddressResolver._dispatch_result of <pika.adapters.utils.selector_ioloop_adapter._AddressResolver object at 0x00000269D32CA510>>
DEBUG    pika.adapters.utils.selector_ioloop_adapter:selector_ioloop_adapter.py:591 Invoking asynchronous getaddrinfo() completion callback; host='localhost'
DEBUG    pika.adapters.utils.connection_workflow:connection_workflow.py:804 getaddrinfo returned 2 records
DEBUG    pika.adapters.utils.connection_workflow:connection_workflow.py:822 Attempting to connect using address record (<AddressFamily.AF_INET6: 23>, <SocketKind.SOCK_STREAM: 1>, 6, '', ('::1', 5672, 0, 0))
INFO     pika.adapters.utils.connection_workflow:connection_workflow.py:179 Pika version 1.3.2 connecting to ('::1', 5672, 0, 0)
DEBUG    pika.adapters.select_connection:select_connection.py:481 add_callback_threadsafe: added callback=<bound method _AsyncSocketConnector._start_async of <pika.adapters.utils.io_services_utils._AsyncSocketConnector object at 0x00000269D32CACF0>>
DEBUG    pika.adapters.select_connection:select_connection.py:263 call_later: added timeout <pika.adapters.select_connection._Timeout object at 0x00000269D3228FD0> with deadline=12257.0682677 and callback=<bound method AMQPConnector._on_tcp_connection_timeout of <pika.adapters.utils.connection_workflow.AMQPConnector object at 0x00000269D32CA7B0>>; now=12247.0682677; delay=10.0
DEBUG    pika.adapters.select_connection:select_connection.py:263 call_later: added timeout <pika.adapters.select_connection._Timeout object at 0x00000269D322B8B0> with deadline=12262.0683489 and callback=<bound method AMQPConnector._on_overall_timeout of <pika.adapters.utils.connection_workflow.AMQPConnector object at 0x00000269D32CA7B0>>; now=12247.0683489; delay=15.0
DEBUG    pika.adapters.select_connection:select_connection.py:494 process_timeouts: invoking callback=<bound method _AsyncSocketConnector._start_async of <pika.adapters.utils.io_services_utils._AsyncSocketConnector object at 0x00000269D32CACF0>>
DEBUG    pika.adapters.utils.selector_ioloop_adapter:selector_ioloop_adapter.py:312 SelectorIOServicesAdapter.set_writer(780, <bound method _AsyncSocketConnector._on_writable of <pika.adapters.utils.io_services_utils._AsyncSocketConnector object at 0x00000269D32CACF0>>)
DEBUG    pika.adapters.utils.selector_ioloop_adapter:selector_ioloop_adapter.py:324 set_writer(780, _) added handler Wr
DEBUG    pika.adapters.utils.io_services_utils:io_services_utils.py:324 Connection-establishment is in progress for <socket.socket fd=780, family=23, type=1, proto=6, laddr=('::', 53980, 0, 0), raddr=('::1', 5672, 0, 0)>.
ERROR    pika.adapters.utils.io_services_utils:io_services_utils.py:349 Socket failed to connect: <socket.socket fd=780, family=23, type=1, proto=6, laddr=('::', 53980, 0, 0)>; error=10061 (Unknown error)
DEBUG    pika.adapters.utils.io_services_utils:io_services_utils.py:273 _AsyncSocketConnector._report_completion(ConnectionRefusedError(10061, 'Unknown error')); <socket.socket fd=780, family=23, type=1, proto=6, laddr=('::', 53980, 0, 0)>
DEBUG    pika.adapters.utils.selector_ioloop_adapter:selector_ioloop_adapter.py:344 SelectorIOServicesAdapter.remove_writer(780)
DEBUG    pika.adapters.utils.selector_ioloop_adapter:selector_ioloop_adapter.py:364 remove_writer(780) removed handler
DEBUG    pika.adapters.select_connection:select_connection.py:284 remove_timeout: removing timeout <pika.adapters.select_connection._Timeout object at 0x00000269D3228FD0> with deadline=12257.0682677 and callback=<bound method AMQPConnector._on_tcp_connection_timeout of <pika.adapters.utils.connection_workflow.AMQPConnector object at 0x00000269D32CA7B0>>
ERROR    pika.adapters.utils.connection_workflow:connection_workflow.py:375 TCP Connection attempt failed: ConnectionRefusedError(10061, 'Unknown error'); dest=(<AddressFamily.AF_INET6: 23>, <SocketKind.SOCK_STREAM: 1>, 6, '', ('::1', 5672, 0, 0))
ERROR    pika.adapters.utils.connection_workflow:connection_workflow.py:291 AMQPConnector - reporting failure: AMQPConnectorSocketConnectError: ConnectionRefusedError(10061, 'Unknown error')
DEBUG    pika.adapters.select_connection:select_connection.py:284 remove_timeout: removing timeout <pika.adapters.select_connection._Timeout object at 0x00000269D322B8B0> with deadline=12262.0683489 and callback=<bound method AMQPConnector._on_overall_timeout of <pika.adapters.utils.connection_workflow.AMQPConnector object at 0x00000269D32CA7B0>>
DEBUG    pika.adapters.utils.connection_workflow:connection_workflow.py:839 Connection attempt completed with AMQPConnectorSocketConnectError: ConnectionRefusedError(10061, 'Unknown error')
DEBUG    pika.adapters.utils.connection_workflow:connection_workflow.py:822 Attempting to connect using address record (<AddressFamily.AF_INET: 2>, <SocketKind.SOCK_STREAM: 1>, 6, '', ('127.0.0.1', 5672))
INFO     pika.adapters.utils.connection_workflow:connection_workflow.py:179 Pika version 1.3.2 connecting to ('127.0.0.1', 5672)
DEBUG    pika.adapters.select_connection:select_connection.py:481 add_callback_threadsafe: added callback=<bound method _AsyncSocketConnector._start_async of <pika.adapters.utils.io_services_utils._AsyncSocketConnector object at 0x00000269D32E4E10>>
DEBUG    pika.adapters.select_connection:select_connection.py:263 call_later: added timeout <pika.adapters.select_connection._Timeout object at 0x00000269D2DF69E0> with deadline=12259.1274787 and callback=<bound method AMQPConnector._on_tcp_connection_timeout of <pika.adapters.utils.connection_workflow.AMQPConnector object at 0x00000269D32E4550>>; now=12249.1274787; delay=10.0
DEBUG    pika.adapters.select_connection:select_connection.py:263 call_later: added timeout <pika.adapters.select_connection._Timeout object at 0x00000269D2CCBEE0> with deadline=12264.1275938 and callback=<bound method AMQPConnector._on_overall_timeout of <pika.adapters.utils.connection_workflow.AMQPConnector object at 0x00000269D32E4550>>; now=12249.1275938; delay=15.0
DEBUG    pika.adapters.select_connection:select_connection.py:494 process_timeouts: invoking callback=<bound method _AsyncSocketConnector._start_async of <pika.adapters.utils.io_services_utils._AsyncSocketConnector object at 0x00000269D32E4E10>>
DEBUG    pika.adapters.utils.selector_ioloop_adapter:selector_ioloop_adapter.py:312 SelectorIOServicesAdapter.set_writer(772, <bound method _AsyncSocketConnector._on_writable of <pika.adapters.utils.io_services_utils._AsyncSocketConnector object at 0x00000269D32E4E10>>)
DEBUG    pika.adapters.utils.selector_ioloop_adapter:selector_ioloop_adapter.py:324 set_writer(772, _) added handler Wr
DEBUG    pika.adapters.utils.io_services_utils:io_services_utils.py:324 Connection-establishment is in progress for <socket.socket fd=772, family=2, type=1, proto=6, laddr=('0.0.0.0', 53981), raddr=('127.0.0.1', 5672)>.
ERROR    pika.adapters.utils.io_services_utils:io_services_utils.py:349 Socket failed to connect: <socket.socket fd=772, family=2, type=1, proto=6, laddr=('0.0.0.0', 53981)>; error=10061 (Unknown error)
DEBUG    pika.adapters.utils.io_services_utils:io_services_utils.py:273 _AsyncSocketConnector._report_completion(ConnectionRefusedError(10061, 'Unknown error')); <socket.socket fd=772, family=2, type=1, proto=6, laddr=('0.0.0.0', 53981)>
DEBUG    pika.adapters.utils.selector_ioloop_adapter:selector_ioloop_adapter.py:344 SelectorIOServicesAdapter.remove_writer(772)
DEBUG    pika.adapters.utils.selector_ioloop_adapter:selector_ioloop_adapter.py:364 remove_writer(772) removed handler
DEBUG    pika.adapters.select_connection:select_connection.py:284 remove_timeout: removing timeout <pika.adapters.select_connection._Timeout object at 0x00000269D2DF69E0> with deadline=12259.1274787 and callback=<bound method AMQPConnector._on_tcp_connection_timeout of <pika.adapters.utils.connection_workflow.AMQPConnector object at 0x00000269D32E4550>>
ERROR    pika.adapters.utils.connection_workflow:connection_workflow.py:375 TCP Connection attempt failed: ConnectionRefusedError(10061, 'Unknown error'); dest=(<AddressFamily.AF_INET: 2>, <SocketKind.SOCK_STREAM: 1>, 6, '', ('127.0.0.1', 5672))
ERROR    pika.adapters.utils.connection_workflow:connection_workflow.py:291 AMQPConnector - reporting failure: AMQPConnectorSocketConnectError: ConnectionRefusedError(10061, 'Unknown error')
DEBUG    pika.adapters.select_connection:select_connection.py:284 remove_timeout: removing timeout <pika.adapters.select_connection._Timeout object at 0x00000269D2CCBEE0> with deadline=12264.1275938 and callback=<bound method AMQPConnector._on_overall_timeout of <pika.adapters.utils.connection_workflow.AMQPConnector object at 0x00000269D32E4550>>
DEBUG    pika.adapters.utils.connection_workflow:connection_workflow.py:839 Connection attempt completed with AMQPConnectorSocketConnectError: ConnectionRefusedError(10061, 'Unknown error')
DEBUG    pika.adapters.utils.connection_workflow:connection_workflow.py:817 _try_next_resolved_address: continuing with next config.
DEBUG    pika.adapters.utils.connection_workflow:connection_workflow.py:773 _try_next_config_async: starting a new cycle.
ERROR    pika.adapters.utils.connection_workflow:connection_workflow.py:746 AMQP connection workflow failed: AMQPConnectionWorkflowFailed: 2 exceptions in all; last exception - AMQPConnectorSocketConnectError: ConnectionRefusedError(10061, 'Unknown error'); first exception - AMQPConnectorSocketConnectError: ConnectionRefusedError(10061, 'Unknown error').
ERROR    pika.adapters.utils.connection_workflow:connection_workflow.py:723 AMQPConnectionWorkflow - reporting failure: AMQPConnectionWorkflowFailed: 2 exceptions in all; last exception - AMQPConnectorSocketConnectError: ConnectionRefusedError(10061, 'Unknown error'); first exception - AMQPConnectorSocketConnectError: ConnectionRefusedError(10061, 'Unknown error')
ERROR    pika.adapters.blocking_connection:blocking_connection.py:450 Connection workflow failed: AMQPConnectionWorkflowFailed: 2 exceptions in all; last exception - AMQPConnectorSocketConnectError: ConnectionRefusedError(10061, 'Unknown error'); first exception - AMQPConnectorSocketConnectError: ConnectionRefusedError(10061, 'Unknown error')
ERROR    pika.adapters.blocking_connection:blocking_connection.py:457 Error in _create_connection().
Traceback (most recent call last):
  File "d:\Projects\rpg-based-simulation\.venv\Lib\site-packages\pika\adapters\blocking_connection.py", line 451, in _create_connection
    raise self._reap_last_connection_workflow_error(error)
pika.exceptions.AMQPConnectionError
ERROR    src.api.rabbitmq_client:rabbitmq_client.py:26 Failed to connect to RabbitMQ at amqp://guest:guest@localhost:5672/: 
ERROR    src.engine.worker_pool:worker_pool.py:60 WorkerPool failed to connect to RabbitMQ: . Falling back to inline execution.
DEBUG    src.api.engine_manager:engine_manager.py:712 Kafka Setup: No snapshot found on sim.snapshots
FAILED                                                                   [100%]

================================== FAILURES ===================================
_____________________ test_engine_manager_kafka_recovery ______________________

mock_create_consumer = <MagicMock name='create_kafka_consumer' id='2653537730976'>
monkeypatch = <_pytest.monkeypatch.MonkeyPatch object at 0x00000269D32CC2B0>

    @patch("src.api.kafka_client.create_kafka_consumer")
    def test_engine_manager_kafka_recovery(mock_create_consumer, monkeypatch):
        """Test that EngineManager can recover from a Kafka snapshot + event stream."""
    
        # 1. Setup a valid Config
        config = SimulationConfig(
            grid_width=50,
            grid_height=50,
            world_seed=42,
        )
    
        # 2. Build a fake WorldState and serialize it
        grid = Grid(config.grid_width, config.grid_height)
        spatial = SpatialHash(config.spatial_cell_size)
        world = WorldState(seed=42, grid=grid, spatial_index=spatial)
        world.tick = 400
    
        dummy = Entity(id=99, kind="goblin", pos=Vector2(5, 5))
        dummy.ai_state = AIState.COMBAT
        world.add_entity(dummy)
    
        snap = Snapshot.from_world(world)
        pickled_snap = pickle.dumps(snap)
    
        # 3. Build fake event payload (tick 401)
        # A MOVE proposal for the dummy entity
        proposal = ActionProposal(
            actor_id=99,
            verb=ActionType.MOVE,
            target=Vector2(6, 6),
            reason="Testing move"
        )
        payload = {
            "tick": 401,
            "proposals": [proposal]
        }
        pickled_event = pickle.dumps(payload)
    
        # 4. Mock the Kafka Consumer behavior
        # We need to simulate two reads: one for the Snapshot topic, one for Events.
        # We will track which topic is assigned to return the right data.
        mock_consumer = MagicMock()
        mock_create_consumer.return_value = mock_consumer
    
        # State flags to simulate the queue
        assigned_topics = []
    
        def mock_assign(partitions):
            nonlocal assigned_topics
            assigned_topics.clear()
            for p in partitions:
                assigned_topics.append(p.topic)
    
        mock_consumer.assign = mock_assign
    
        # Keep track of how many times poll is called per topic so we can return EOF (None)
        poll_counts = {"sim.snapshots": 0, "sim.events": 0}
    
        def mock_poll(timeout):
            nonlocal poll_counts
    
            # Determine which topic is currently assigned
            current_topic = assigned_topics[0] if assigned_topics else None
            if not current_topic:
                return None
    
            count = poll_counts.get(current_topic, 0)
    
            if current_topic == "sim.snapshots":
                if count == 0:
                    poll_counts[current_topic] += 1
                    msg = MagicMock()
                    msg.error.return_value = False
                    msg.value.return_value = pickled_snap
                    return msg
                else:
                    return None # EOF timeout
    
            elif current_topic == "sim.events":
                if count == 0:
                    poll_counts[current_topic] += 1
                    msg = MagicMock()
                    msg.error.return_value = False
                    msg.value.return_value = pickled_event
                    return msg
                else:
                    return None # EOF timeout
    
            return None
    
        mock_consumer.poll = mock_poll
    
        # 5. Run the EngineManager build (this should trigger recovery)
        # We need to suppress the actual threading run, but _build() is synchronous
        engine = EngineManager(config)
        recovered_world = engine._try_recover_world(config)
    
        # 6. Assertions
>       assert recovered_world is not None, "World should have been recovered"
E       AssertionError: World should have been recovered
E       assert None is not None

tests\test_kafka_recovery.py:112: AssertionError
----------------------------- Captured log setup ------------------------------
INFO     src.core.registry_loader:registry_loader.py:15 Loading registries from D:\Projects\rpg-based-simulation\data
INFO     src.core.registry_loader:registry_loader.py:40 Loaded 89 items.
INFO     src.core.registry_loader:registry_loader.py:57 Loaded 13 classes.
INFO     src.core.registry_loader:registry_loader.py:74 Loaded 22 skills.
INFO     src.core.registry_loader:registry_loader.py:91 Loaded 4 breakthroughs.
INFO     src.core.registry_loader:registry_loader.py:108 Loaded 20 traits.
INFO     src.core.registry_loader:registry_loader.py:23 Successfully loaded all registries.
------------------------------ Captured log call ------------------------------
INFO     src.api.engine_manager:engine_manager.py:715 Kafka Setup: Recovered snapshot at tick 400
INFO     src.api.engine_manager:engine_manager.py:753 Kafka Setup: Replayed 1 ticks of events. Current synchronized tick: 401
DEBUG    pika.adapters.select_connection:select_connection.py:430 Using SelectPoller
DEBUG    pika.adapters.base_connection:base_connection.py:168 Created default connection workflow <pika.adapters.utils.connection_workflow.AMQPConnectionWorkflow object at 0x00000269D32CA3C0>
DEBUG    pika.adapters.utils.connection_workflow:connection_workflow.py:656 Starting AMQP Connection workflow asynchronously.
DEBUG    pika.adapters.select_connection:select_connection.py:263 call_later: added timeout <pika.adapters.select_connection._Timeout object at 0x00000269D322BC70> with deadline=12247.0578634 and callback=functools.partial(<bound method AMQPConnectionWorkflow._start_new_cycle_async of <pika.adapters.utils.connection_workflow.AMQPConnectionWorkflow object at 0x00000269D32CA3C0>>, first=True); now=12247.0578634; delay=0
DEBUG    pika.adapters.utils.connection_workflow:connection_workflow.py:751 Beginning a new AMQP connection workflow cycle; attempts remaining after this: 0
DEBUG    pika.adapters.select_connection:select_connection.py:263 call_later: added timeout <pika.adapters.select_connection._Timeout object at 0x00000269D322BBB0> with deadline=12247.0580964 and callback=<bound method AMQPConnectionWorkflow._try_next_config_async of <pika.adapters.utils.connection_workflow.AMQPConnectionWorkflow object at 0x00000269D32CA3C0>>; now=12247.0580964; delay=0
DEBUG    pika.adapters.utils.connection_workflow:connection_workflow.py:779 _try_next_config_async: 'localhost':5672
DEBUG    pika.adapters.select_connection:select_connection.py:481 add_callback_threadsafe: added callback=<bound method _AddressResolver._dispatch_result of <pika.adapters.utils.selector_ioloop_adapter._AddressResolver object at 0x00000269D32CA510>>
DEBUG    pika.adapters.select_connection:select_connection.py:494 process_timeouts: invoking callback=<bound method _AddressResolver._dispatch_result of <pika.adapters.utils.selector_ioloop_adapter._AddressResolver object at 0x00000269D32CA510>>
DEBUG    pika.adapters.utils.selector_ioloop_adapter:selector_ioloop_adapter.py:591 Invoking asynchronous getaddrinfo() completion callback; host='localhost'
DEBUG    pika.adapters.utils.connection_workflow:connection_workflow.py:804 getaddrinfo returned 2 records
DEBUG    pika.adapters.utils.connection_workflow:connection_workflow.py:822 Attempting to connect using address record (<AddressFamily.AF_INET6: 23>, <SocketKind.SOCK_STREAM: 1>, 6, '', ('::1', 5672, 0, 0))
INFO     pika.adapters.utils.connection_workflow:connection_workflow.py:179 Pika version 1.3.2 connecting to ('::1', 5672, 0, 0)
DEBUG    pika.adapters.select_connection:select_connection.py:481 add_callback_threadsafe: added callback=<bound method _AsyncSocketConnector._start_async of <pika.adapters.utils.io_services_utils._AsyncSocketConnector object at 0x00000269D32CACF0>>
DEBUG    pika.adapters.select_connection:select_connection.py:263 call_later: added timeout <pika.adapters.select_connection._Timeout object at 0x00000269D3228FD0> with deadline=12257.0682677 and callback=<bound method AMQPConnector._on_tcp_connection_timeout of <pika.adapters.utils.connection_workflow.AMQPConnector object at 0x00000269D32CA7B0>>; now=12247.0682677; delay=10.0
DEBUG    pika.adapters.select_connection:select_connection.py:263 call_later: added timeout <pika.adapters.select_connection._Timeout object at 0x00000269D322B8B0> with deadline=12262.0683489 and callback=<bound method AMQPConnector._on_overall_timeout of <pika.adapters.utils.connection_workflow.AMQPConnector object at 0x00000269D32CA7B0>>; now=12247.0683489; delay=15.0
DEBUG    pika.adapters.select_connection:select_connection.py:494 process_timeouts: invoking callback=<bound method _AsyncSocketConnector._start_async of <pika.adapters.utils.io_services_utils._AsyncSocketConnector object at 0x00000269D32CACF0>>
DEBUG    pika.adapters.utils.selector_ioloop_adapter:selector_ioloop_adapter.py:312 SelectorIOServicesAdapter.set_writer(780, <bound method _AsyncSocketConnector._on_writable of <pika.adapters.utils.io_services_utils._AsyncSocketConnector object at 0x00000269D32CACF0>>)
DEBUG    pika.adapters.utils.selector_ioloop_adapter:selector_ioloop_adapter.py:324 set_writer(780, _) added handler Wr
DEBUG    pika.adapters.utils.io_services_utils:io_services_utils.py:324 Connection-establishment is in progress for <socket.socket fd=780, family=23, type=1, proto=6, laddr=('::', 53980, 0, 0), raddr=('::1', 5672, 0, 0)>.
ERROR    pika.adapters.utils.io_services_utils:io_services_utils.py:349 Socket failed to connect: <socket.socket fd=780, family=23, type=1, proto=6, laddr=('::', 53980, 0, 0)>; error=10061 (Unknown error)
DEBUG    pika.adapters.utils.io_services_utils:io_services_utils.py:273 _AsyncSocketConnector._report_completion(ConnectionRefusedError(10061, 'Unknown error')); <socket.socket fd=780, family=23, type=1, proto=6, laddr=('::', 53980, 0, 0)>
DEBUG    pika.adapters.utils.selector_ioloop_adapter:selector_ioloop_adapter.py:344 SelectorIOServicesAdapter.remove_writer(780)
DEBUG    pika.adapters.utils.selector_ioloop_adapter:selector_ioloop_adapter.py:364 remove_writer(780) removed handler
DEBUG    pika.adapters.select_connection:select_connection.py:284 remove_timeout: removing timeout <pika.adapters.select_connection._Timeout object at 0x00000269D3228FD0> with deadline=12257.0682677 and callback=<bound method AMQPConnector._on_tcp_connection_timeout of <pika.adapters.utils.connection_workflow.AMQPConnector object at 0x00000269D32CA7B0>>
ERROR    pika.adapters.utils.connection_workflow:connection_workflow.py:375 TCP Connection attempt failed: ConnectionRefusedError(10061, 'Unknown error'); dest=(<AddressFamily.AF_INET6: 23>, <SocketKind.SOCK_STREAM: 1>, 6, '', ('::1', 5672, 0, 0))
ERROR    pika.adapters.utils.connection_workflow:connection_workflow.py:291 AMQPConnector - reporting failure: AMQPConnectorSocketConnectError: ConnectionRefusedError(10061, 'Unknown error')
DEBUG    pika.adapters.select_connection:select_connection.py:284 remove_timeout: removing timeout <pika.adapters.select_connection._Timeout object at 0x00000269D322B8B0> with deadline=12262.0683489 and callback=<bound method AMQPConnector._on_overall_timeout of <pika.adapters.utils.connection_workflow.AMQPConnector object at 0x00000269D32CA7B0>>
DEBUG    pika.adapters.utils.connection_workflow:connection_workflow.py:839 Connection attempt completed with AMQPConnectorSocketConnectError: ConnectionRefusedError(10061, 'Unknown error')
DEBUG    pika.adapters.utils.connection_workflow:connection_workflow.py:822 Attempting to connect using address record (<AddressFamily.AF_INET: 2>, <SocketKind.SOCK_STREAM: 1>, 6, '', ('127.0.0.1', 5672))
INFO     pika.adapters.utils.connection_workflow:connection_workflow.py:179 Pika version 1.3.2 connecting to ('127.0.0.1', 5672)
DEBUG    pika.adapters.select_connection:select_connection.py:481 add_callback_threadsafe: added callback=<bound method _AsyncSocketConnector._start_async of <pika.adapters.utils.io_services_utils._AsyncSocketConnector object at 0x00000269D32E4E10>>
DEBUG    pika.adapters.select_connection:select_connection.py:263 call_later: added timeout <pika.adapters.select_connection._Timeout object at 0x00000269D2DF69E0> with deadline=12259.1274787 and callback=<bound method AMQPConnector._on_tcp_connection_timeout of <pika.adapters.utils.connection_workflow.AMQPConnector object at 0x00000269D32E4550>>; now=12249.1274787; delay=10.0
DEBUG    pika.adapters.select_connection:select_connection.py:263 call_later: added timeout <pika.adapters.select_connection._Timeout object at 0x00000269D2CCBEE0> with deadline=12264.1275938 and callback=<bound method AMQPConnector._on_overall_timeout of <pika.adapters.utils.connection_workflow.AMQPConnector object at 0x00000269D32E4550>>; now=12249.1275938; delay=15.0
DEBUG    pika.adapters.select_connection:select_connection.py:494 process_timeouts: invoking callback=<bound method _AsyncSocketConnector._start_async of <pika.adapters.utils.io_services_utils._AsyncSocketConnector object at 0x00000269D32E4E10>>
DEBUG    pika.adapters.utils.selector_ioloop_adapter:selector_ioloop_adapter.py:312 SelectorIOServicesAdapter.set_writer(772, <bound method _AsyncSocketConnector._on_writable of <pika.adapters.utils.io_services_utils._AsyncSocketConnector object at 0x00000269D32E4E10>>)
DEBUG    pika.adapters.utils.selector_ioloop_adapter:selector_ioloop_adapter.py:324 set_writer(772, _) added handler Wr
DEBUG    pika.adapters.utils.io_services_utils:io_services_utils.py:324 Connection-establishment is in progress for <socket.socket fd=772, family=2, type=1, proto=6, laddr=('0.0.0.0', 53981), raddr=('127.0.0.1', 5672)>.
ERROR    pika.adapters.utils.io_services_utils:io_services_utils.py:349 Socket failed to connect: <socket.socket fd=772, family=2, type=1, proto=6, laddr=('0.0.0.0', 53981)>; error=10061 (Unknown error)
DEBUG    pika.adapters.utils.io_services_utils:io_services_utils.py:273 _AsyncSocketConnector._report_completion(ConnectionRefusedError(10061, 'Unknown error')); <socket.socket fd=772, family=2, type=1, proto=6, laddr=('0.0.0.0', 53981)>
DEBUG    pika.adapters.utils.selector_ioloop_adapter:selector_ioloop_adapter.py:344 SelectorIOServicesAdapter.remove_writer(772)
DEBUG    pika.adapters.utils.selector_ioloop_adapter:selector_ioloop_adapter.py:364 remove_writer(772) removed handler
DEBUG    pika.adapters.select_connection:select_connection.py:284 remove_timeout: removing timeout <pika.adapters.select_connection._Timeout object at 0x00000269D2DF69E0> with deadline=12259.1274787 and callback=<bound method AMQPConnector._on_tcp_connection_timeout of <pika.adapters.utils.connection_workflow.AMQPConnector object at 0x00000269D32E4550>>
ERROR    pika.adapters.utils.connection_workflow:connection_workflow.py:375 TCP Connection attempt failed: ConnectionRefusedError(10061, 'Unknown error'); dest=(<AddressFamily.AF_INET: 2>, <SocketKind.SOCK_STREAM: 1>, 6, '', ('127.0.0.1', 5672))
ERROR    pika.adapters.utils.connection_workflow:connection_workflow.py:291 AMQPConnector - reporting failure: AMQPConnectorSocketConnectError: ConnectionRefusedError(10061, 'Unknown error')
DEBUG    pika.adapters.select_connection:select_connection.py:284 remove_timeout: removing timeout <pika.adapters.select_connection._Timeout object at 0x00000269D2CCBEE0> with deadline=12264.1275938 and callback=<bound method AMQPConnector._on_overall_timeout of <pika.adapters.utils.connection_workflow.AMQPConnector object at 0x00000269D32E4550>>
DEBUG    pika.adapters.utils.connection_workflow:connection_workflow.py:839 Connection attempt completed with AMQPConnectorSocketConnectError: ConnectionRefusedError(10061, 'Unknown error')
DEBUG    pika.adapters.utils.connection_workflow:connection_workflow.py:817 _try_next_resolved_address: continuing with next config.
DEBUG    pika.adapters.utils.connection_workflow:connection_workflow.py:773 _try_next_config_async: starting a new cycle.
ERROR    pika.adapters.utils.connection_workflow:connection_workflow.py:746 AMQP connection workflow failed: AMQPConnectionWorkflowFailed: 2 exceptions in all; last exception - AMQPConnectorSocketConnectError: ConnectionRefusedError(10061, 'Unknown error'); first exception - AMQPConnectorSocketConnectError: ConnectionRefusedError(10061, 'Unknown error').
ERROR    pika.adapters.utils.connection_workflow:connection_workflow.py:723 AMQPConnectionWorkflow - reporting failure: AMQPConnectionWorkflowFailed: 2 exceptions in all; last exception - AMQPConnectorSocketConnectError: ConnectionRefusedError(10061, 'Unknown error'); first exception - AMQPConnectorSocketConnectError: ConnectionRefusedError(10061, 'Unknown error')
ERROR    pika.adapters.blocking_connection:blocking_connection.py:450 Connection workflow failed: AMQPConnectionWorkflowFailed: 2 exceptions in all; last exception - AMQPConnectorSocketConnectError: ConnectionRefusedError(10061, 'Unknown error'); first exception - AMQPConnectorSocketConnectError: ConnectionRefusedError(10061, 'Unknown error')
ERROR    pika.adapters.blocking_connection:blocking_connection.py:457 Error in _create_connection().
Traceback (most recent call last):
  File "d:\Projects\rpg-based-simulation\.venv\Lib\site-packages\pika\adapters\blocking_connection.py", line 451, in _create_connection
    raise self._reap_last_connection_workflow_error(error)
pika.exceptions.AMQPConnectionError
ERROR    src.api.rabbitmq_client:rabbitmq_client.py:26 Failed to connect to RabbitMQ at amqp://guest:guest@localhost:5672/: 
ERROR    src.engine.worker_pool:worker_pool.py:60 WorkerPool failed to connect to RabbitMQ: . Falling back to inline execution.
DEBUG    src.api.engine_manager:engine_manager.py:712 Kafka Setup: No snapshot found on sim.snapshots
=========================== short test summary info ===========================
FAILED tests/test_kafka_recovery.py::test_engine_manager_kafka_recovery - Ass...
============================== 1 failed in 4.55s ==============================
