============================= test session starts =============================
platform win32 -- Python 3.14.3, pytest-9.0.2, pluggy-1.6.0 -- d:\Projects\rpg-based-simulation\.venv\Scripts\python.exe
cachedir: .pytest_cache
rootdir: D:\Projects\rpg-based-simulation
configfile: pyproject.toml
plugins: anyio-4.12.1
collecting ... collected 1 item

tests/test_worker_pool_rabbitmq.py::test_worker_pool_rabbitmq_dispatch FAILED [100%]

================================== FAILURES ===================================
_____________________ test_worker_pool_rabbitmq_dispatch ______________________

monkeypatch = <_pytest.monkeypatch.MonkeyPatch object at 0x000002285FD0CB00>

    def test_worker_pool_rabbitmq_dispatch(monkeypatch):
        """Test that WorkerPool interacts with pika channels exactly as designed."""
        # 1. Setup mock infrastructure
        config = SimulationConfig(num_workers=4, worker_timeout_seconds=2.0)
        mock_brain = MagicMock()
    
        mock_conn = MagicMock()
        mock_channel = MagicMock()
        mock_conn.channel.return_value = mock_channel
    
        # Need to simulate the connection return
        with patch("src.engine.worker_pool.get_rabbitmq", return_value=mock_conn):
            pool = WorkerPool(config, mock_brain)
    
            assert pool._channel == mock_channel
    
            # 2. Setup mock data
            e1 = Entity(id=101, kind="goblin", pos=Vector2(0,0))
            e2 = Entity(id=202, kind="hero", pos=Vector2(1,1))
    
            entities = [e1, e2]
    
            mock_snapshot = MagicMock(spec=Snapshot)
            mock_snapshot.tick = 42
    
            action_queue = ActionQueue()
    
            # 3. Simulate RabbitMQ basic_get responses for the 'ai_results' queue
            # The pool expects 2 responses because len(entities) == 2.
            # basic_get returns (method_frame, header_frame, body)
            mock_method_frame = MagicMock()
    
            # Fake Action Proposals for results
            fake_proposal_1 = "prop_101"
            fake_proposal_2 = "prop_202"
    
            call_count = 0
            def side_effect_basic_get(*args, **kwargs):
                nonlocal call_count
                if call_count == 0:
                    body = pickle.dumps({"tick": 42, "entity_id": 101, "proposal": fake_proposal_1})
                elif call_count == 1:
                    body = pickle.dumps({"tick": 42, "entity_id": 202, "proposal": fake_proposal_2})
                else:
                    return None, None, None
                call_count += 1
                return mock_method_frame, None, body
    
            mock_channel.basic_get.side_effect = side_effect_basic_get
    
            # 4. Execute dispatch
            pool.dispatch(entities, mock_snapshot, action_queue)
    
            # 5. Assertions
            # Should have published 1 snapshot + 2 tasks
>           assert mock_channel.basic_publish.call_count == 3
E           AssertionError: assert 0 == 3
E            +  where 0 = <MagicMock name='mock.channel().basic_publish' id='2372429955824'>.call_count
E            +    where <MagicMock name='mock.channel().basic_publish' id='2372429955824'> = <MagicMock name='mock.channel()' id='2372429326592'>.basic_publish

tests\test_worker_pool_rabbitmq.py:66: AssertionError
------------------------------ Captured log call ------------------------------
ERROR    src.engine.worker_pool:worker_pool.py:82 RabbitMQ dispatch crashed for tick 42, falling back to inline.
Traceback (most recent call last):
  File "D:\Projects\rpg-based-simulation\src\engine\worker_pool.py", line 80, in dispatch
    self._dispatch_rabbitmq(entities, snapshot, action_queue)
    ~~~~~~~~~~~~~~~~~~~~~~~^^^^^^^^^^^^^^^^^^^^^^^^^^^^^^^^^^
  File "D:\Projects\rpg-based-simulation\src\engine\worker_pool.py", line 112, in _dispatch_rabbitmq
    snapshot_bytes = pickle.dumps(snapshot)
_pickle.PicklingError: first argument to __newobj__() must be <class 'src.core.snapshot.Snapshot'>, not <class 'unittest.mock.MagicMock'>
when serializing unittest.mock.MagicMock object
ERROR    src.engine.worker_pool:worker_pool.py:100 AI failed for entity 101
Traceback (most recent call last):
  File "D:\Projects\rpg-based-simulation\src\engine\worker_pool.py", line 80, in dispatch
    self._dispatch_rabbitmq(entities, snapshot, action_queue)
    ~~~~~~~~~~~~~~~~~~~~~~~^^^^^^^^^^^^^^^^^^^^^^^^^^^^^^^^^^
  File "D:\Projects\rpg-based-simulation\src\engine\worker_pool.py", line 112, in _dispatch_rabbitmq
    snapshot_bytes = pickle.dumps(snapshot)
_pickle.PicklingError: first argument to __newobj__() must be <class 'src.core.snapshot.Snapshot'>, not <class 'unittest.mock.MagicMock'>
when serializing unittest.mock.MagicMock object

During handling of the above exception, another exception occurred:

Traceback (most recent call last):
  File "D:\Projects\rpg-based-simulation\src\engine\worker_pool.py", line 97, in _dispatch_inline
    _eid, new_state, proposal = self._think(entity, snapshot)
                                ~~~~~~~~~~~^^^^^^^^^^^^^^^^^^
  File "D:\Projects\rpg-based-simulation\src\engine\worker_pool.py", line 165, in _think
    new_state, proposal = self._brain.decide(entity, snapshot)
    ^^^^^^^^^^^^^^^^^^^
ValueError: not enough values to unpack (expected 2, got 0)
ERROR    src.engine.worker_pool:worker_pool.py:100 AI failed for entity 202
Traceback (most recent call last):
  File "D:\Projects\rpg-based-simulation\src\engine\worker_pool.py", line 80, in dispatch
    self._dispatch_rabbitmq(entities, snapshot, action_queue)
    ~~~~~~~~~~~~~~~~~~~~~~~^^^^^^^^^^^^^^^^^^^^^^^^^^^^^^^^^^
  File "D:\Projects\rpg-based-simulation\src\engine\worker_pool.py", line 112, in _dispatch_rabbitmq
    snapshot_bytes = pickle.dumps(snapshot)
_pickle.PicklingError: first argument to __newobj__() must be <class 'src.core.snapshot.Snapshot'>, not <class 'unittest.mock.MagicMock'>
when serializing unittest.mock.MagicMock object

During handling of the above exception, another exception occurred:

Traceback (most recent call last):
  File "D:\Projects\rpg-based-simulation\src\engine\worker_pool.py", line 97, in _dispatch_inline
    _eid, new_state, proposal = self._think(entity, snapshot)
                                ~~~~~~~~~~~^^^^^^^^^^^^^^^^^^
  File "D:\Projects\rpg-based-simulation\src\engine\worker_pool.py", line 165, in _think
    new_state, proposal = self._brain.decide(entity, snapshot)
    ^^^^^^^^^^^^^^^^^^^
ValueError: not enough values to unpack (expected 2, got 0)
=========================== short test summary info ===========================
FAILED tests/test_worker_pool_rabbitmq.py::test_worker_pool_rabbitmq_dispatch
============================== 1 failed in 0.24s ==============================
