<?xml version="1.0" encoding="utf-8"?>
<testsuites>
<testsuite name="pytest" errors="0" failures="0" skipped="0" tests="5" time="1.234" timestamp="2026-08-23T00:00:00" hostname="runner">
<testcase classname="tests.unit.core.test_a" name="test_one" time="0.100" />
<testcase classname="tests.unit.core.test_a" name="test_two" time="0.200" />
<testcase classname="tests.unit.core.test_b" name="test_three" time="0.300" />
<testcase classname="tests.unit.core.test_b" name="test_four" time="0.400" />
<testcase classname="tests.unit.core.test_b" name="test_five" time="0.234" />
</testsuite>
</testsuites>
