<?xml version="1.0" encoding="utf-8"?>
<testsuites>
<testsuite name="pytest" errors="0" failures="0" skipped="1" tests="3" time="0.600" timestamp="2026-08-23T00:00:00" hostname="runner">
<testcase classname="tests.unit.core.test_a" name="test_one" time="0.300" />
<testcase classname="tests.unit.core.test_a" name="test_two" time="0.300">
<skipped message="not applicable on this platform" />
</testcase>
<testcase classname="tests.unit.core.test_b" name="test_three" time="0.000" />
</testsuite>
</testsuites>
