<?xml version="1.0" encoding="utf-8"?>
<testsuites>
<testsuite name="pytest" errors="1" failures="0" skipped="0" tests="3" time="0.750" timestamp="2026-08-23T00:00:00" hostname="runner">
<testcase classname="tests.unit.core.test_a" name="test_one" time="0.250" />
<testcase classname="tests.unit.core.test_a" name="test_two" time="0.250">
<error message="fixture setup failed">RuntimeError</error>
</testcase>
<testcase classname="tests.unit.core.test_b" name="test_three" time="0.250" />
</testsuite>
</testsuites>
