<?xml version="1.0" encoding="utf-8"?>
<testsuites>
<testsuite name="pytest" errors="0" failures="1" skipped="0" tests="4" time="2.500" timestamp="2026-08-23T00:00:00" hostname="runner">
<testcase classname="tests.unit.core.test_a" name="test_one" time="0.500" />
<testcase classname="tests.unit.core.test_a" name="test_two" time="0.500" />
<testcase classname="tests.unit.core.test_b" name="test_three" time="0.500">
<failure message="assert 1 == 2">AssertionError</failure>
</testcase>
<testcase classname="tests.unit.core.test_b" name="test_four" time="1.000" />
</testsuite>
</testsuites>
