<?xml version="1.0" encoding="utf-8"?>
<testsuites>
<testsuite name="pytest" errors="1" failures="2" skipped="2" tests="8" time="3.500" timestamp="2026-08-24T00:00:00" hostname="runner">
<testcase classname="tests.unit.core.test_new" name="test_new_passed" time="0.100" />
<testcase classname="tests.unit.core.test_new" name="test_new_failed" time="0.100">
<failure message="assert 1 == 2">AssertionError</failure>
</testcase>
<testcase classname="tests.unit.core.test_new" name="test_new_skipped" time="0.100">
<skipped message="not applicable" />
</testcase>
<testcase classname="tests.unit.core.test_new" name="test_new_error" time="0.100">
<error message="fixture setup failed">RuntimeError</error>
</testcase>
<testcase classname="tests.unit.core.test_a" name="test_one" time="0.100" />
<testcase classname="tests.unit.core.test_a" name="test_two" time="0.100">
<failure message="assert 1 == 2">AssertionError</failure>
</testcase>
<testcase classname="tests.unit.core.test_b" name="test_three" time="0.100">
<skipped message="not applicable" />
</testcase>
<testcase classname="tests.unit.core.test_b" name="test_four" time="0.100" />
</testsuite>
</testsuites>
